#
# There is insufficient memory for the Java Runtime Environment to continue.
# Native memory allocation (malloc) failed to allocate 1059936 bytes for Chunk::new
# Possible reasons:
#   The system is out of physical RAM or swap space
#   The process is running with CompressedOops enabled, and the Java Heap may be blocking the growth of the native heap
# Possible solutions:
#   Reduce memory load on the system
#   Increase physical memory or swap space
#   Check if swap backing store is full
#   Decrease Java heap size (-Xmx/-Xms)
#   Decrease number of Java threads
#   Decrease Java thread stack sizes (-Xss)
#   Set larger code cache with -XX:ReservedCodeCacheSize=
#   JVM is running with Unscaled Compressed Oops mode in which the Java heap is
#     placed in the first 4GB address space. The Java Heap base address is the
#     maximum limit for the native heap growth. Please use -XX:HeapBaseMinAddress
#     to set the Java Heap base and to place the Java Heap above 4GB virtual address.
# This output file may be truncated or incomplete.
#
#  Out of Memory Error (allocation.cpp:389), pid=164028, tid=0x000000000002b078
#
# JRE version: OpenJDK Runtime Environment (8.0_242-b01) (build 1.8.0_242-release-1644-b01)
# Java VM: OpenJDK 64-Bit Server VM (25.242-b01 mixed mode windows-amd64 compressed oops)
# Failed to write core dump. Minidumps are not enabled by default on client versions of Windows
#

---------------  T H R E A D  ---------------

Current thread (0x0000000017af7000):  JavaThread "C2 CompilerThread0" daemon [_thread_in_native, id=176248, stack(0x0000000019150000,0x0000000019250000)]

Stack: [0x0000000019150000,0x0000000019250000]
[error occurred during error reporting (printing stack bounds), id 0xc0000005]

Native frames: (J=compiled Java code, j=interpreted, Vv=VM code, C=native code)


Current CompileTask:
C2:  65256 13192       4       com.android.tools.r8.s.b.X::c (1154 bytes)


---------------  P R O C E S S  ---------------

Java Threads: ( => current thread )
  0x000000001a87a800 JavaThread "WorkerExecutor Queue" [_thread_blocked, id=177636, stack(0x000000002a8c0000,0x000000002a9c0000)]
  0x000000001a877000 JavaThread "Cache worker for execution history cache (C:\Users\leoso\AndroidStudioProjects\WCallIP\.gradle\6.5\executionHistory)" [_thread_blocked, id=177544, stack(0x000000002a1c0000,0x000000002a2c0000)]
  0x000000001a586000 JavaThread "Execution worker for ':' Thread 3" [_thread_blocked, id=177540, stack(0x000000002a0c0000,0x000000002a1c0000)]
  0x000000001a589000 JavaThread "Execution worker for ':' Thread 2" [_thread_blocked, id=177536, stack(0x0000000029fc0000,0x000000002a0c0000)]
  0x000000001a58b000 JavaThread "Execution worker for ':'" [_thread_blocked, id=177532, stack(0x0000000029ec0000,0x0000000029fc0000)]
  0x000000001a585000 JavaThread "Cache worker for file content cache (C:\Users\leoso\AndroidStudioProjects\WCallIP\.gradle\6.5\fileContent)" [_thread_blocked, id=177372, stack(0x0000000029bc0000,0x0000000029cc0000)]
  0x000000001a587800 JavaThread "Memory manager" [_thread_blocked, id=177368, stack(0x0000000028ff0000,0x00000000290f0000)]
  0x000000001a583800 JavaThread "Cache worker for Build Output Cleanup Cache (C:\Users\leoso\AndroidStudioProjects\WCallIP\.gradle\buildOutputCleanup)" [_thread_blocked, id=177264, stack(0x0000000028660000,0x0000000028760000)]
  0x000000001a586800 JavaThread "jar transforms Thread 92" [_thread_blocked, id=177156, stack(0x0000000028360000,0x0000000028460000)]
  0x000000001a588000 JavaThread "jar transforms Thread 91" [_thread_blocked, id=172828, stack(0x0000000028260000,0x0000000028360000)]
  0x000000001a584800 JavaThread "jar transforms Thread 90" [_thread_blocked, id=160180, stack(0x0000000028160000,0x0000000028260000)]
  0x000000001a58a800 JavaThread "jar transforms Thread 89" [_thread_blocked, id=174188, stack(0x0000000028060000,0x0000000028160000)]
  0x000000001a57e800 JavaThread "jar transforms Thread 88" [_thread_blocked, id=156224, stack(0x0000000027f60000,0x0000000028060000)]
  0x000000001a57d800 JavaThread "jar transforms Thread 87" [_thread_blocked, id=176216, stack(0x0000000027e60000,0x0000000027f60000)]
  0x000000001a57c000 JavaThread "jar transforms Thread 86" [_thread_blocked, id=126376, stack(0x0000000027d60000,0x0000000027e60000)]
  0x000000001a580000 JavaThread "jar transforms Thread 85" [_thread_blocked, id=172284, stack(0x0000000027c60000,0x0000000027d60000)]
  0x000000001a57d000 JavaThread "jar transforms Thread 84" [_thread_blocked, id=176448, stack(0x0000000027b60000,0x0000000027c60000)]
  0x000000001a581800 JavaThread "jar transforms Thread 83" [_thread_blocked, id=171488, stack(0x0000000027a60000,0x0000000027b60000)]
  0x000000001a582000 JavaThread "jar transforms Thread 82" [_thread_blocked, id=175616, stack(0x0000000027960000,0x0000000027a60000)]
  0x000000001a57f000 JavaThread "jar transforms Thread 81" [_thread_blocked, id=168100, stack(0x0000000027860000,0x0000000027960000)]
  0x000000001a580800 JavaThread "jar transforms Thread 80" [_thread_blocked, id=163172, stack(0x0000000027760000,0x0000000027860000)]
  0x000000001a583000 JavaThread "jar transforms Thread 79" [_thread_blocked, id=176712, stack(0x0000000027660000,0x0000000027760000)]
  0x000000001a4be800 JavaThread "jar transforms Thread 78" [_thread_blocked, id=173492, stack(0x0000000027560000,0x0000000027660000)]
  0x000000001a4c0000 JavaThread "jar transforms Thread 77" [_thread_blocked, id=168176, stack(0x0000000027460000,0x0000000027560000)]
  0x000000001a4be000 JavaThread "jar transforms Thread 76" [_thread_blocked, id=175600, stack(0x0000000027360000,0x0000000027460000)]
  0x000000001a4bd000 JavaThread "jar transforms Thread 75" [_thread_blocked, id=176012, stack(0x0000000027260000,0x0000000027360000)]
  0x000000001a4bf800 JavaThread "jar transforms Thread 74" [_thread_blocked, id=171344, stack(0x0000000027160000,0x0000000027260000)]
  0x000000001a4bb800 JavaThread "jar transforms Thread 73" [_thread_blocked, id=155156, stack(0x0000000027060000,0x0000000027160000)]
  0x000000001a4bc800 JavaThread "jar transforms Thread 72" [_thread_blocked, id=173424, stack(0x0000000026f60000,0x0000000027060000)]
  0x000000001a4b4000 JavaThread "jar transforms Thread 71" [_thread_blocked, id=176304, stack(0x0000000026e60000,0x0000000026f60000)]
  0x000000001a4bb000 JavaThread "jar transforms Thread 70" [_thread_blocked, id=158016, stack(0x0000000026d60000,0x0000000026e60000)]
  0x000000001a4ba000 JavaThread "jar transforms Thread 69" [_thread_blocked, id=174660, stack(0x0000000026c60000,0x0000000026d60000)]
  0x000000001a4b2800 JavaThread "jar transforms Thread 68" [_thread_blocked, id=176724, stack(0x0000000026b60000,0x0000000026c60000)]
  0x000000001a4b9800 JavaThread "jar transforms Thread 67" [_thread_blocked, id=174336, stack(0x0000000026a60000,0x0000000026b60000)]
  0x000000001a4b2000 JavaThread "jar transforms Thread 66" [_thread_blocked, id=174268, stack(0x0000000026960000,0x0000000026a60000)]
  0x000000001a4b3800 JavaThread "jar transforms Thread 65" [_thread_blocked, id=158876, stack(0x0000000026860000,0x0000000026960000)]
  0x000000001a4b8800 JavaThread "jar transforms Thread 64" [_thread_blocked, id=176648, stack(0x0000000026760000,0x0000000026860000)]
  0x000000001a4b1000 JavaThread "jar transforms Thread 63" [_thread_blocked, id=176056, stack(0x0000000026660000,0x0000000026760000)]
  0x000000001a4b8000 JavaThread "jar transforms Thread 62" [_thread_blocked, id=176692, stack(0x0000000026560000,0x0000000026660000)]
  0x000000001a4b7000 JavaThread "jar transforms Thread 61" [_thread_blocked, id=174180, stack(0x0000000026460000,0x0000000026560000)]
  0x000000001a4b6800 JavaThread "jar transforms Thread 60" [_thread_blocked, id=175436, stack(0x0000000026360000,0x0000000026460000)]
  0x000000001a4b5000 JavaThread "jar transforms Thread 59" [_thread_blocked, id=172868, stack(0x0000000026260000,0x0000000026360000)]
  0x000000001a4b5800 JavaThread "jar transforms Thread 58" [_thread_blocked, id=173132, stack(0x0000000026160000,0x0000000026260000)]
  0x000000001ac07800 JavaThread "jar transforms Thread 57" [_thread_blocked, id=163216, stack(0x0000000026060000,0x0000000026160000)]
  0x000000001ac06800 JavaThread "jar transforms Thread 56" [_thread_blocked, id=150744, stack(0x0000000025f60000,0x0000000026060000)]
  0x000000001ac09800 JavaThread "jar transforms Thread 55" [_thread_blocked, id=170212, stack(0x0000000025e60000,0x0000000025f60000)]
  0x000000001ac08000 JavaThread "jar transforms Thread 54" [_thread_blocked, id=170732, stack(0x0000000025d60000,0x0000000025e60000)]
  0x000000001ac0d800 JavaThread "jar transforms Thread 53" [_thread_blocked, id=175956, stack(0x0000000025c60000,0x0000000025d60000)]
  0x000000001ac09000 JavaThread "jar transforms Thread 52" [_thread_blocked, id=177032, stack(0x0000000025b60000,0x0000000025c60000)]
  0x000000001ac0c800 JavaThread "jar transforms Thread 51" [_thread_blocked, id=176540, stack(0x0000000025a60000,0x0000000025b60000)]
  0x000000001ac0a800 JavaThread "jar transforms Thread 50" [_thread_blocked, id=159856, stack(0x0000000025960000,0x0000000025a60000)]
  0x000000001ac0b000 JavaThread "jar transforms Thread 49" [_thread_blocked, id=176860, stack(0x0000000025860000,0x0000000025960000)]
  0x000000001ac0c000 JavaThread "jar transforms Thread 48" [_thread_blocked, id=172708, stack(0x0000000025760000,0x0000000025860000)]
  0x000000001ac02000 JavaThread "jar transforms Thread 47" [_thread_blocked, id=176520, stack(0x0000000025660000,0x0000000025760000)]
  0x000000001abff000 JavaThread "jar transforms Thread 46" [_thread_blocked, id=176980, stack(0x0000000025560000,0x0000000025660000)]
  0x000000001ac05000 JavaThread "jar transforms Thread 45" [_thread_blocked, id=160112, stack(0x0000000025460000,0x0000000025560000)]
  0x000000001ac03800 JavaThread "jar transforms Thread 44" [_thread_blocked, id=176112, stack(0x0000000025360000,0x0000000025460000)]
  0x000000001ac01000 JavaThread "jar transforms Thread 43" [_thread_blocked, id=175496, stack(0x0000000025260000,0x0000000025360000)]
  0x000000001ac02800 JavaThread "jar transforms Thread 42" [_thread_blocked, id=166996, stack(0x0000000025160000,0x0000000025260000)]
  0x000000001ac06000 JavaThread "jar transforms Thread 41" [_thread_blocked, id=163100, stack(0x0000000025060000,0x0000000025160000)]
  0x000000001abff800 JavaThread "jar transforms Thread 40" [_thread_blocked, id=177076, stack(0x0000000024f60000,0x0000000025060000)]
  0x000000001ac00800 JavaThread "jar transforms Thread 39" [_thread_blocked, id=173048, stack(0x0000000024e60000,0x0000000024f60000)]
  0x000000001ac04800 JavaThread "jar transforms Thread 38" [_thread_blocked, id=173908, stack(0x0000000024d60000,0x0000000024e60000)]
  0x000000001abfe000 JavaThread "jar transforms Thread 37" [_thread_blocked, id=175248, stack(0x0000000024c60000,0x0000000024d60000)]
  0x0000000019ca5000 JavaThread "jar transforms Thread 36" [_thread_blocked, id=176360, stack(0x0000000024b60000,0x0000000024c60000)]
  0x0000000019ca7000 JavaThread "jar transforms Thread 35" [_thread_blocked, id=172936, stack(0x0000000024a60000,0x0000000024b60000)]
  0x0000000019ca8000 JavaThread "jar transforms Thread 34" [_thread_blocked, id=162796, stack(0x0000000024960000,0x0000000024a60000)]
  0x0000000019ca4000 JavaThread "jar transforms Thread 33" [_thread_blocked, id=151196, stack(0x0000000024860000,0x0000000024960000)]
  0x0000000019ca6800 JavaThread "jar transforms Thread 32" [_thread_blocked, id=173648, stack(0x0000000024760000,0x0000000024860000)]
  0x0000000019ca2800 JavaThread "jar transforms Thread 31" [_thread_blocked, id=166288, stack(0x0000000024660000,0x0000000024760000)]
  0x0000000019ca2000 JavaThread "jar transforms Thread 30" [_thread_blocked, id=177000, stack(0x0000000024560000,0x0000000024660000)]
  0x0000000019ca1000 JavaThread "jar transforms Thread 29" [_thread_blocked, id=176552, stack(0x0000000024460000,0x0000000024560000)]
  0x0000000019ca3800 JavaThread "jar transforms Thread 28" [_thread_blocked, id=175280, stack(0x0000000024360000,0x0000000024460000)]
  0x0000000019ca5800 JavaThread "jar transforms Thread 27" [_thread_blocked, id=168372, stack(0x0000000024260000,0x0000000024360000)]
  0x0000000019c99800 JavaThread "jar transforms Thread 26" [_thread_blocked, id=122160, stack(0x0000000024160000,0x0000000024260000)]
  0x0000000019ca0800 JavaThread "jar transforms Thread 25" [_thread_blocked, id=167780, stack(0x0000000024060000,0x0000000024160000)]
  0x0000000019c99000 JavaThread "jar transforms Thread 24" [_thread_blocked, id=176684, stack(0x0000000023f60000,0x0000000024060000)]
  0x0000000019c9f800 JavaThread "jar transforms Thread 23" [_thread_blocked, id=167644, stack(0x0000000023e60000,0x0000000023f60000)]
  0x0000000019c9f000 JavaThread "jar transforms Thread 22" [_thread_blocked, id=176356, stack(0x0000000023d60000,0x0000000023e60000)]
  0x0000000019c9b000 JavaThread "jar transforms Thread 21" [_thread_blocked, id=170004, stack(0x0000000023c60000,0x0000000023d60000)]
  0x0000000019c9a800 JavaThread "jar transforms Thread 20" [_thread_blocked, id=176776, stack(0x0000000023b60000,0x0000000023c60000)]
  0x0000000019c9d800 JavaThread "jar transforms Thread 19" [_thread_blocked, id=122692, stack(0x0000000023a60000,0x0000000023b60000)]
  0x0000000019c9c000 JavaThread "jar transforms Thread 18" [_thread_blocked, id=168908, stack(0x0000000023960000,0x0000000023a60000)]
  0x0000000019c9c800 JavaThread "jar transforms Thread 17" [_thread_blocked, id=176864, stack(0x0000000023860000,0x0000000023960000)]
  0x0000000019c9e000 JavaThread "jar transforms Thread 16" [_thread_blocked, id=175108, stack(0x0000000023760000,0x0000000023860000)]
  0x000000002048d000 JavaThread "jar transforms Thread 15" [_thread_blocked, id=12644, stack(0x0000000023660000,0x0000000023760000)]
  0x000000002048c800 JavaThread "jar transforms Thread 14" [_thread_blocked, id=175912, stack(0x0000000023560000,0x0000000023660000)]
  0x000000002048b800 JavaThread "jar transforms Thread 13" [_thread_blocked, id=176548, stack(0x0000000023460000,0x0000000023560000)]
  0x000000002048e000 JavaThread "jar transforms Thread 12" [_thread_blocked, id=122956, stack(0x0000000023360000,0x0000000023460000)]
  0x000000002048e800 JavaThread "jar transforms Thread 11" [_thread_blocked, id=175624, stack(0x0000000023260000,0x0000000023360000)]
  0x000000002048a800 JavaThread "jar transforms Thread 10" [_thread_blocked, id=165212, stack(0x0000000023160000,0x0000000023260000)]
  0x000000002048f800 JavaThread "jar transforms Thread 9" [_thread_blocked, id=176848, stack(0x0000000023060000,0x0000000023160000)]
  0x0000000020490000 JavaThread "jar transforms Thread 8" [_thread_blocked, id=173944, stack(0x0000000022f60000,0x0000000023060000)]
  0x0000000020483000 JavaThread "jar transforms Thread 7" [_thread_blocked, id=176376, stack(0x0000000022e60000,0x0000000022f60000)]
  0x000000002048a000 JavaThread "jar transforms Thread 6" [_thread_blocked, id=154356, stack(0x0000000022d60000,0x0000000022e60000)]
  0x0000000020489000 JavaThread "jar transforms Thread 5" [_thread_blocked, id=170168, stack(0x0000000022c60000,0x0000000022d60000)]
  0x0000000020481800 JavaThread "jar transforms Thread 4" [_thread_blocked, id=158204, stack(0x0000000022b60000,0x0000000022c60000)]
  0x0000000020486000 JavaThread "jar transforms Thread 3" [_thread_blocked, id=175128, stack(0x0000000022a60000,0x0000000022b60000)]
  0x0000000020488800 JavaThread "jar transforms Thread 2" [_thread_blocked, id=176544, stack(0x0000000022960000,0x0000000022a60000)]
  0x0000000020485800 JavaThread "Build operations Thread 4" [_thread_in_Java, id=174372, stack(0x0000000022860000,0x0000000022960000)]
  0x0000000020481000 JavaThread "Build operations Thread 3" [_thread_blocked, id=175916, stack(0x0000000022760000,0x0000000022860000)]
  0x0000000020487000 JavaThread "Build operations Thread 2" [_thread_blocked, id=170396, stack(0x0000000022660000,0x0000000022760000)]
  0x0000000020487800 JavaThread "Build operations" [_thread_in_Java, id=174056, stack(0x0000000022560000,0x0000000022660000)]
  0x000000001ac72800 JavaThread "Cache worker for file content cache (C:\Users\leoso\.gradle\caches\6.5\fileContent)" [_thread_blocked, id=168876, stack(0x0000000021e60000,0x0000000021f60000)]
  0x000000001ac77800 JavaThread "jar transforms" [_thread_blocked, id=176508, stack(0x0000000021d60000,0x0000000021e60000)]
  0x000000001ac76000 JavaThread "Cache worker for execution history cache (C:\Users\leoso\.gradle\caches\6.5\executionHistory)" [_thread_blocked, id=157592, stack(0x0000000021660000,0x0000000021760000)]
  0x000000001ac74000 JavaThread "Cache worker for cache directory md-rule (C:\Users\leoso\.gradle\caches\6.5\md-rule)" [_thread_blocked, id=170256, stack(0x0000000021560000,0x0000000021660000)]
  0x000000001ac77000 JavaThread "Cache worker for cache directory md-supplier (C:\Users\leoso\.gradle\caches\6.5\md-supplier)" [_thread_blocked, id=175860, stack(0x0000000021460000,0x0000000021560000)]
  0x000000001ac78800 JavaThread "Cache worker for checksums cache (C:\Users\leoso\AndroidStudioProjects\WCallIP\.gradle\checksums)" [_thread_blocked, id=175224, stack(0x0000000020110000,0x0000000020210000)]
  0x000000001ac73000 JavaThread "Cache worker for file hash cache (C:\Users\leoso\AndroidStudioProjects\WCallIP\.gradle\6.5\fileHashes)" [_thread_blocked, id=176308, stack(0x000000001fe10000,0x000000001ff10000)]
  0x000000001ac74800 JavaThread "Cache worker for file hash cache (C:\Users\leoso\.gradle\caches\6.5\fileHashes)" [_thread_blocked, id=173796, stack(0x000000001db70000,0x000000001dc70000)]
  0x000000001ac75800 JavaThread "File lock request listener" [_thread_in_native, id=176464, stack(0x000000001da70000,0x000000001db70000)]
  0x000000001a2df800 JavaThread "Cache worker for journal cache (C:\Users\leoso\.gradle\caches\journal-1)" [_thread_blocked, id=167932, stack(0x000000001d870000,0x000000001d970000)]
  0x0000000019ae6800 JavaThread "Thread-9" [_thread_blocked, id=160176, stack(0x000000001d570000,0x000000001d670000)]
  0x000000001a79e800 JavaThread "Stdin handler" [_thread_blocked, id=130772, stack(0x000000001d470000,0x000000001d570000)]
  0x0000000019aae000 JavaThread "Asynchronous log dispatcher for DefaultDaemonConnection: socket connection from /127.0.0.1:53250 to /127.0.0.1:53251" [_thread_blocked, id=163212, stack(0x000000001d370000,0x000000001d470000)]
  0x0000000019acb800 JavaThread "Daemon worker" [_thread_blocked, id=177092, stack(0x000000001d270000,0x000000001d370000)]
  0x0000000019acb000 JavaThread "Cancel handler" [_thread_blocked, id=170112, stack(0x000000001d170000,0x000000001d270000)]
  0x000000001b49e000 JavaThread "Handler for socket connection from /127.0.0.1:53250 to /127.0.0.1:53251" [_thread_in_native, id=168096, stack(0x000000001d070000,0x000000001d170000)]
  0x000000001b49d000 JavaThread "Daemon" [_thread_blocked, id=168232, stack(0x000000001cf70000,0x000000001d070000)]
  0x000000001b498800 JavaThread "Daemon periodic checks" [_thread_blocked, id=173476, stack(0x000000001cc70000,0x000000001cd70000)]
  0x000000001b4a0800 JavaThread "Incoming local TCP Connector on port 53250" [_thread_in_native, id=161656, stack(0x000000001ca30000,0x000000001cb30000)]
  0x000000001b420000 JavaThread "Daemon health stats" [_thread_blocked, id=173148, stack(0x000000001c3f0000,0x000000001c4f0000)]
  0x000000001947c800 JavaThread "Service Thread" daemon [_thread_blocked, id=177100, stack(0x0000000019850000,0x0000000019950000)]
  0x0000000017afe800 JavaThread "C1 CompilerThread2" daemon [_thread_blocked, id=167632, stack(0x0000000019350000,0x0000000019450000)]
  0x0000000017afa000 JavaThread "C2 CompilerThread1" daemon [_thread_in_native, id=171740, stack(0x0000000019250000,0x0000000019350000)]
=>0x0000000017af7000 JavaThread "C2 CompilerThread0" daemon [_thread_in_native, id=176248, stack(0x0000000019150000,0x0000000019250000)]
  0x0000000017af5000 JavaThread "Attach Listener" daemon [_thread_blocked, id=176332, stack(0x0000000019050000,0x0000000019150000)]
  0x0000000017af3800 JavaThread "Signal Dispatcher" daemon [_thread_blocked, id=168932, stack(0x0000000018f50000,0x0000000019050000)]
  0x0000000002ecb800 JavaThread "Finalizer" daemon [_thread_blocked, id=155860, stack(0x0000000018d50000,0x0000000018e50000)]
  0x0000000017ad9000 JavaThread "Reference Handler" daemon [_thread_blocked, id=122232, stack(0x0000000018c50000,0x0000000018d50000)]
  0x0000000002c0e800 JavaThread "main" [_thread_blocked, id=162740, stack(0x0000000002c10000,0x0000000002d10000)]

Other Threads:
  0x0000000017ab6800 VMThread [stack: 0x0000000018b50000,0x0000000018c50000] [id=172760]
  0x0000000019458000 WatcherThread [stack: 0x0000000019950000,0x0000000019a50000] [id=177104]

VM state:not at safepoint (normal execution)

VM Mutex/Monitor currently owned by a thread: None

heap address: 0x0000000080000000, size: 2048 MB, Compressed Oops mode: 32-bit
Narrow klass base: 0x0000000000000000, Narrow klass shift: 3
Compressed class space size: 1073741824 Address: 0x0000000100000000

Heap:
 PSYoungGen      total 632832K, used 523937K [0x00000000d5580000, 0x00000000ff580000, 0x0000000100000000)
  eden space 583168K, 83% used [0x00000000d5580000,0x00000000f32a45b8,0x00000000f8f00000)
  from space 49664K, 71% used [0x00000000fc200000,0x00000000fe483e80,0x00000000ff280000)
  to   space 52224K, 0% used [0x00000000f8f00000,0x00000000f8f00000,0x00000000fc200000)
 ParOldGen       total 141824K, used 95273K [0x0000000080000000, 0x0000000088a80000, 0x00000000d5580000)
  object space 141824K, 67% used [0x0000000080000000,0x0000000085d0a658,0x0000000088a80000)
 Metaspace       used 79301K, capacity 84098K, committed 84376K, reserved 1122304K
  class space    used 10913K, capacity 11854K, committed 11952K, reserved 1048576K

Card table byte_map: [0x0000000012290000,0x00000000126a0000] byte_map_base: 0x0000000011e90000

Marking Bits: (ParMarkBitMap*) 0x00000000776bf030
 Begin Bits: [0x0000000012d50000, 0x0000000014d50000)
 End Bits:   [0x0000000014d50000, 0x0000000016d50000)

Polling page: 0x0000000002d10000

CodeCache: size=245760Kb used=42122Kb max_used=42122Kb free=203637Kb
 bounds [0x0000000002ed0000, 0x0000000005820000, 0x0000000011ed0000]
 total_blobs=12189 nmethods=11368 adapters=731
 compilation: enabled

Compilation events (10 events):
Event: 64.981 Thread 0x0000000017afe800 13197 %     3       com.android.tools.r8.ir.optimize.r::a @ 34 (466 bytes)
Event: 64.987 Thread 0x0000000017afe800 nmethod 13197% 0x00000000057aca50 code [0x00000000057ad000, 0x00000000057b08e8]
Event: 64.998 Thread 0x0000000017afe800 13198       3       com.android.tools.r8.ir.optimize.r::a (466 bytes)
Event: 65.003 Thread 0x0000000017afe800 nmethod 13198 0x0000000005819610 code [0x0000000005819ba0, 0x000000000581d2c8]
Event: 65.032 Thread 0x0000000017afe800 13200       1       com.android.tools.r8.s.b.X0::N2 (2 bytes)
Event: 65.032 Thread 0x0000000017afe800 nmethod 13200 0x000000000575b090 code [0x000000000575b1e0, 0x000000000575b2f0]
Event: 65.156 Thread 0x0000000017afe800 13201       2       com.android.tools.r8.s.b.E::<init> (6 bytes)
Event: 65.156 Thread 0x0000000017afe800 nmethod 13201 0x0000000005761350 code [0x00000000057614c0, 0x0000000005761648]
Event: 65.159 Thread 0x0000000017afe800 13202       2       com.android.tools.r8.s.b.q1::b (58 bytes)
Event: 65.160 Thread 0x0000000017afe800 nmethod 13202 0x0000000005760dd0 code [0x0000000005760f60, 0x00000000057611c8]

GC Heap History (10 events):
Event: 39.488 GC heap before
{Heap before GC invocations=19 (full 3):
 PSYoungGen      total 365568K, used 356188K [0x00000000d5580000, 0x00000000f3200000, 0x0000000100000000)
  eden space 335360K, 100% used [0x00000000d5580000,0x00000000e9d00000,0x00000000e9d00000)
  from space 30208K, 68% used [0x00000000e9d00000,0x00000000eb157150,0x00000000eba80000)
  to   space 31232K, 0% used [0x00000000f1380000,0x00000000f1380000,0x00000000f3200000)
 ParOldGen       total 141824K, used 59711K [0x0000000080000000, 0x0000000088a80000, 0x00000000d5580000)
  object space 141824K, 42% used [0x0000000080000000,0x0000000083a4fe68,0x0000000088a80000)
 Metaspace       used 78870K, capacity 83620K, committed 83864K, reserved 1122304K
  class space    used 10895K, capacity 11831K, committed 11952K, reserved 1048576K
Event: 39.692 GC heap after
Heap after GC invocations=19 (full 3):
 PSYoungGen      total 451072K, used 31231K [0x00000000d5580000, 0x00000000f5000000, 0x0000000100000000)
  eden space 419840K, 0% used [0x00000000d5580000,0x00000000d5580000,0x00000000eef80000)
  from space 31232K, 99% used [0x00000000f1380000,0x00000000f31fffe8,0x00000000f3200000)
  to   space 36864K, 0% used [0x00000000eef80000,0x00000000eef80000,0x00000000f1380000)
 ParOldGen       total 141824K, used 61284K [0x0000000080000000, 0x0000000088a80000, 0x00000000d5580000)
  object space 141824K, 43% used [0x0000000080000000,0x0000000083bd9320,0x0000000088a80000)
 Metaspace       used 78870K, capacity 83620K, committed 83864K, reserved 1122304K
  class space    used 10895K, capacity 11831K, committed 11952K, reserved 1048576K
}
Event: 45.774 GC heap before
{Heap before GC invocations=20 (full 3):
 PSYoungGen      total 451072K, used 451071K [0x00000000d5580000, 0x00000000f5000000, 0x0000000100000000)
  eden space 419840K, 100% used [0x00000000d5580000,0x00000000eef80000,0x00000000eef80000)
  from space 31232K, 99% used [0x00000000f1380000,0x00000000f31fffe8,0x00000000f3200000)
  to   space 36864K, 0% used [0x00000000eef80000,0x00000000eef80000,0x00000000f1380000)
 ParOldGen       total 141824K, used 61284K [0x0000000080000000, 0x0000000088a80000, 0x00000000d5580000)
  object space 141824K, 43% used [0x0000000080000000,0x0000000083bd9320,0x0000000088a80000)
 Metaspace       used 79059K, capacity 83820K, committed 84120K, reserved 1122304K
  class space    used 10895K, capacity 11831K, committed 11952K, reserved 1048576K
Event: 45.808 GC heap after
Heap after GC invocations=20 (full 3):
 PSYoungGen      total 456704K, used 18133K [0x00000000d5580000, 0x00000000f8480000, 0x0000000100000000)
  eden space 419840K, 0% used [0x00000000d5580000,0x00000000d5580000,0x00000000eef80000)
  from space 36864K, 49% used [0x00000000eef80000,0x00000000f01355a8,0x00000000f1380000)
  to   space 35328K, 0% used [0x00000000f6200000,0x00000000f6200000,0x00000000f8480000)
 ParOldGen       total 141824K, used 65028K [0x0000000080000000, 0x0000000088a80000, 0x00000000d5580000)
  object space 141824K, 45% used [0x0000000080000000,0x0000000083f81248,0x0000000088a80000)
 Metaspace       used 79059K, capacity 83820K, committed 84120K, reserved 1122304K
  class space    used 10895K, capacity 11831K, committed 11952K, reserved 1048576K
}
Event: 50.746 GC heap before
{Heap before GC invocations=21 (full 3):
 PSYoungGen      total 456704K, used 437973K [0x00000000d5580000, 0x00000000f8480000, 0x0000000100000000)
  eden space 419840K, 100% used [0x00000000d5580000,0x00000000eef80000,0x00000000eef80000)
  from space 36864K, 49% used [0x00000000eef80000,0x00000000f01355a8,0x00000000f1380000)
  to   space 35328K, 0% used [0x00000000f6200000,0x00000000f6200000,0x00000000f8480000)
 ParOldGen       total 141824K, used 65028K [0x0000000080000000, 0x0000000088a80000, 0x00000000d5580000)
  object space 141824K, 45% used [0x0000000080000000,0x0000000083f81248,0x0000000088a80000)
 Metaspace       used 79171K, capacity 83912K, committed 84120K, reserved 1122304K
  class space    used 10905K, capacity 11845K, committed 11952K, reserved 1048576K
Event: 50.782 GC heap after
Heap after GC invocations=21 (full 3):
 PSYoungGen      total 517632K, used 12068K [0x00000000d5580000, 0x00000000f7a00000, 0x0000000100000000)
  eden space 493056K, 0% used [0x00000000d5580000,0x00000000d5580000,0x00000000f3700000)
  from space 24576K, 49% used [0x00000000f6200000,0x00000000f6dc91b0,0x00000000f7a00000)
  to   space 34304K, 0% used [0x00000000f3700000,0x00000000f3700000,0x00000000f5880000)
 ParOldGen       total 141824K, used 66170K [0x0000000080000000, 0x0000000088a80000, 0x00000000d5580000)
  object space 141824K, 46% used [0x0000000080000000,0x000000008409ebf0,0x0000000088a80000)
 Metaspace       used 79171K, capacity 83912K, committed 84120K, reserved 1122304K
  class space    used 10905K, capacity 11845K, committed 11952K, reserved 1048576K
}
Event: 54.877 GC heap before
{Heap before GC invocations=22 (full 3):
 PSYoungGen      total 517632K, used 505124K [0x00000000d5580000, 0x00000000f7a00000, 0x0000000100000000)
  eden space 493056K, 100% used [0x00000000d5580000,0x00000000f3700000,0x00000000f3700000)
  from space 24576K, 49% used [0x00000000f6200000,0x00000000f6dc91b0,0x00000000f7a00000)
  to   space 34304K, 0% used [0x00000000f3700000,0x00000000f3700000,0x00000000f5880000)
 ParOldGen       total 141824K, used 66170K [0x0000000080000000, 0x0000000088a80000, 0x00000000d5580000)
  object space 141824K, 46% used [0x0000000080000000,0x000000008409ebf0,0x0000000088a80000)
 Metaspace       used 79227K, capacity 84004K, committed 84120K, reserved 1122304K
  class space    used 10908K, capacity 11849K, committed 11952K, reserved 1048576K
Event: 55.022 GC heap after
Heap after GC invocations=22 (full 3):
 PSYoungGen      total 527360K, used 34301K [0x00000000d5580000, 0x00000000ff280000, 0x0000000100000000)
  eden space 493056K, 0% used [0x00000000d5580000,0x00000000d5580000,0x00000000f3700000)
  from space 34304K, 99% used [0x00000000f3700000,0x00000000f587f6f0,0x00000000f5880000)
  to   space 49664K, 0% used [0x00000000fc200000,0x00000000fc200000,0x00000000ff280000)
 ParOldGen       total 141824K, used 93687K [0x0000000080000000, 0x0000000088a80000, 0x00000000d5580000)
  object space 141824K, 66% used [0x0000000080000000,0x0000000085b7de30,0x0000000088a80000)
 Metaspace       used 79227K, capacity 84004K, committed 84120K, reserved 1122304K
  class space    used 10908K, capacity 11849K, committed 11952K, reserved 1048576K
}
Event: 59.145 GC heap before
{Heap before GC invocations=23 (full 3):
 PSYoungGen      total 527360K, used 527357K [0x00000000d5580000, 0x00000000ff280000, 0x0000000100000000)
  eden space 493056K, 100% used [0x00000000d5580000,0x00000000f3700000,0x00000000f3700000)
  from space 34304K, 99% used [0x00000000f3700000,0x00000000f587f6f0,0x00000000f5880000)
  to   space 49664K, 0% used [0x00000000fc200000,0x00000000fc200000,0x00000000ff280000)
 ParOldGen       total 141824K, used 93687K [0x0000000080000000, 0x0000000088a80000, 0x00000000d5580000)
  object space 141824K, 66% used [0x0000000080000000,0x0000000085b7de30,0x0000000088a80000)
 Metaspace       used 79282K, capacity 84028K, committed 84376K, reserved 1122304K
  class space    used 10912K, capacity 11853K, committed 11952K, reserved 1048576K
Event: 59.234 GC heap after
Heap after GC invocations=23 (full 3):
 PSYoungGen      total 632832K, used 35343K [0x00000000d5580000, 0x00000000ff580000, 0x0000000100000000)
  eden space 583168K, 0% used [0x00000000d5580000,0x00000000d5580000,0x00000000f8f00000)
  from space 49664K, 71% used [0x00000000fc200000,0x00000000fe483e80,0x00000000ff280000)
  to   space 52224K, 0% used [0x00000000f8f00000,0x00000000f8f00000,0x00000000fc200000)
 ParOldGen       total 141824K, used 95273K [0x0000000080000000, 0x0000000088a80000, 0x00000000d5580000)
  object space 141824K, 67% used [0x0000000080000000,0x0000000085d0a658,0x0000000088a80000)
 Metaspace       used 79282K, capacity 84028K, committed 84376K, reserved 1122304K
  class space    used 10912K, capacity 11853K, committed 11952K, reserved 1048576K
}

Deoptimization events (10 events):
Event: 61.302 Thread 0x0000000020485800 Uncommon trap: reason=unstable_if action=reinterpret pc=0x00000000037c3600 method=com.android.tools.r8.t.a.a.a.f.X$e.contains(Ljava/lang/Object;)Z @ 176
Event: 61.995 Thread 0x0000000020485800 Uncommon trap: reason=class_check action=maybe_recompile pc=0x0000000004d0acb0 method=com.android.tools.r8.s.a.h.e.b(Lcom/android/tools/r8/s/b/k0;)V @ 244
Event: 63.009 Thread 0x0000000020487800 Uncommon trap: reason=class_check action=maybe_recompile pc=0x0000000004f49f64 method=com.android.tools.r8.t.a.a.a.f.e.putAll(Ljava/util/Map;)V @ 3
Event: 63.032 Thread 0x0000000020487800 Uncommon trap: reason=unstable_if action=reinterpret pc=0x00000000054acd80 method=com.android.tools.r8.ir.regalloc.h.a(ILcom/android/tools/r8/ir/regalloc/h$a;)Z @ 73
Event: 63.032 Thread 0x0000000020487800 Uncommon trap: reason=unstable_if action=reinterpret pc=0x00000000054b9c54 method=com.android.tools.r8.ir.regalloc.h.a(ILcom/android/tools/r8/ir/regalloc/h$a;)Z @ 73
Event: 63.033 Thread 0x0000000020487800 Uncommon trap: reason=unstable_if action=reinterpret pc=0x00000000056c6bb8 method=com.android.tools.r8.ir.regalloc.a.a(Lcom/android/tools/r8/ir/regalloc/a$a;Z)Lcom/android/tools/r8/ir/regalloc/a$a; @ 3050
Event: 64.386 Thread 0x0000000020487800 Uncommon trap: reason=unstable_if action=reinterpret pc=0x000000000551bb30 method=com.android.tools.r8.s.b.U0.b(Lcom/android/tools/r8/s/b/t1;)V @ 5
Event: 64.387 Thread 0x0000000020487800 Uncommon trap: reason=class_check action=maybe_recompile pc=0x00000000048d7028 method=com.android.tools.r8.ir.conversion.m.a(ILjava/util/List;Lcom/android/tools/r8/t/a/a/a/h/W0;)Lcom/android/tools/r8/ir/conversion/m; @ 10
Event: 64.978 Thread 0x0000000020485800 Uncommon trap: reason=unstable_if action=reinterpret pc=0x0000000004fb53f0 method=com.android.tools.r8.s.b.q1.a(Lcom/android/tools/r8/graph/f;Lcom/android/tools/r8/s/b/X;Ljava/util/function/Predicate;Ljava/util/Set;)Z @ 184
Event: 65.148 Thread 0x0000000020487800 Uncommon trap: reason=class_check action=maybe_recompile pc=0x0000000004d0acb0 method=com.android.tools.r8.s.a.h.e.b(Lcom/android/tools/r8/s/b/k0;)V @ 244

Classes redefined (0 events):
No events

Internal exceptions (10 events):
Event: 52.764 Thread 0x0000000020485800 Exception <a 'sun/nio/fs/WindowsException'> (0x00000000e132eb70) thrown at [C:\src\AOSP-openjdk-git\hotspot\src\share\vm\prims\jni.cpp, line 710]
Event: 52.776 Thread 0x0000000020481000 Exception <a 'sun/nio/fs/WindowsException'> (0x00000000e1aeed88) thrown at [C:\src\AOSP-openjdk-git\hotspot\src\share\vm\prims\jni.cpp, line 710]
Event: 52.900 Thread 0x0000000020487000 Exception <a 'sun/nio/fs/WindowsException'> (0x00000000e2d8d170) thrown at [C:\src\AOSP-openjdk-git\hotspot\src\share\vm\prims\jni.cpp, line 710]
Event: 53.089 Thread 0x0000000020481000 Exception <a 'sun/nio/fs/WindowsException'> (0x00000000e4ca2848) thrown at [C:\src\AOSP-openjdk-git\hotspot\src\share\vm\prims\jni.cpp, line 710]
Event: 53.619 Thread 0x0000000020485800 Exception <a 'sun/nio/fs/WindowsException'> (0x00000000e95bcc60) thrown at [C:\src\AOSP-openjdk-git\hotspot\src\share\vm\prims\jni.cpp, line 710]
Event: 53.650 Thread 0x0000000020481000 Exception <a 'sun/nio/fs/WindowsException'> (0x00000000e91bcb20) thrown at [C:\src\AOSP-openjdk-git\hotspot\src\share\vm\prims\jni.cpp, line 710]
Event: 53.807 Thread 0x0000000020487800 Exception <a 'sun/nio/fs/WindowsException'> (0x00000000e9d923f0) thrown at [C:\src\AOSP-openjdk-git\hotspot\src\share\vm\prims\jni.cpp, line 710]
Event: 55.113 Thread 0x0000000020481000 Exception <a 'sun/nio/fs/WindowsException'> (0x00000000d6d8c9d0) thrown at [C:\src\AOSP-openjdk-git\hotspot\src\share\vm\prims\jni.cpp, line 710]
Event: 55.226 Thread 0x0000000020481000 Exception <a 'sun/nio/fs/WindowsException'> (0x00000000d7f03b10) thrown at [C:\src\AOSP-openjdk-git\hotspot\src\share\vm\prims\jni.cpp, line 710]
Event: 58.153 Thread 0x0000000020487000 Exception <a 'sun/nio/fs/WindowsException'> (0x00000000ed629900) thrown at [C:\src\AOSP-openjdk-git\hotspot\src\share\vm\prims\jni.cpp, line 710]

Events (10 events):
Event: 65.097 Thread 0x0000000020485800 DEOPT UNPACKING pc=0x0000000002f175d0 sp=0x0000000022959c20 mode 0
Event: 65.142 Thread 0x0000000020485800 DEOPT PACKING pc=0x000000000579a8cb sp=0x0000000022959bd0
Event: 65.142 Thread 0x0000000020485800 DEOPT UNPACKING pc=0x0000000002f175d0 sp=0x0000000022959c18 mode 0
Event: 65.148 Thread 0x0000000020487800 Uncommon trap: trap_request=0xffffffde fr.pc=0x0000000004d0acb0
Event: 65.148 Thread 0x0000000020487800 DEOPT PACKING pc=0x0000000004d0acb0 sp=0x000000002265a520
Event: 65.148 Thread 0x0000000020487800 DEOPT UNPACKING pc=0x0000000002f1557b sp=0x000000002265a4f8 mode 2
Event: 65.161 Thread 0x0000000020487800 DEOPT PACKING pc=0x000000000579a8cb sp=0x0000000022659da0
Event: 65.161 Thread 0x0000000020487800 DEOPT UNPACKING pc=0x0000000002f175d0 sp=0x0000000022659de8 mode 0
Event: 65.220 Thread 0x0000000020487800 DEOPT PACKING pc=0x00000000049caab4 sp=0x0000000022659f30
Event: 65.220 Thread 0x0000000020487800 DEOPT UNPACKING pc=0x0000000002f175d0 sp=0x0000000022659df0 mode 0


Dynamic libraries:
0x00007ff6aa580000 - 0x00007ff6aa5b1000 	C:\Program Files\Android\Android Studio1\jre\bin\java.exe
0x00007ffcbff90000 - 0x00007ffcc0185000 	C:\Windows\SYSTEM32\ntdll.dll
0x00007ffcbe150000 - 0x00007ffcbe20d000 	C:\Windows\System32\KERNEL32.DLL
0x00007ffcbd910000 - 0x00007ffcbdbd8000 	C:\Windows\System32\KERNELBASE.dll
0x00007ffcbeb60000 - 0x00007ffcbec0c000 	C:\Windows\System32\ADVAPI32.dll
0x00007ffcbe800000 - 0x00007ffcbe89e000 	C:\Windows\System32\msvcrt.dll
0x00007ffcbe730000 - 0x00007ffcbe7cb000 	C:\Windows\System32\sechost.dll
0x00007ffcbec40000 - 0x00007ffcbed6b000 	C:\Windows\System32\RPCRT4.dll
0x00007ffcbf5a0000 - 0x00007ffcbf740000 	C:\Windows\System32\USER32.dll
0x00007ffcbdfc0000 - 0x00007ffcbdfe2000 	C:\Windows\System32\win32u.dll
0x00007ffcbec10000 - 0x00007ffcbec3a000 	C:\Windows\System32\GDI32.dll
0x00007ffcbd800000 - 0x00007ffcbd90b000 	C:\Windows\System32\gdi32full.dll
0x00007ffcbded0000 - 0x00007ffcbdf6d000 	C:\Windows\System32\msvcp_win.dll
0x00007ffcbd700000 - 0x00007ffcbd800000 	C:\Windows\System32\ucrtbase.dll
0x00007ffcae190000 - 0x00007ffcae42a000 	C:\Windows\WinSxS\amd64_microsoft.windows.common-controls_6595b64144ccf1df_6.0.19041.844_none_ca00b6081b84eb1d\COMCTL32.dll
0x00007ffcbe7d0000 - 0x00007ffcbe800000 	C:\Windows\System32\IMM32.DLL
0x0000000054440000 - 0x0000000054512000 	C:\Program Files\Android\Android Studio1\jre\jre\bin\msvcr100.dll
0x0000000076ef0000 - 0x000000007773b000 	C:\Program Files\Android\Android Studio1\jre\jre\bin\server\jvm.dll
0x00007ffcbe570000 - 0x00007ffcbe578000 	C:\Windows\System32\PSAPI.DLL
0x00007ffcae120000 - 0x00007ffcae129000 	C:\Windows\SYSTEM32\WSOCK32.dll
0x00007ffcbe9c0000 - 0x00007ffcbea2b000 	C:\Windows\System32\WS2_32.dll
0x00007ffcb1480000 - 0x00007ffcb14a7000 	C:\Windows\SYSTEM32\WINMM.dll
0x00007ffcb28e0000 - 0x00007ffcb28ea000 	C:\Windows\SYSTEM32\VERSION.dll
0x00007ffca42d0000 - 0x00007ffca42df000 	C:\Program Files\Android\Android Studio1\jre\jre\bin\verify.dll
0x00007ffca13e0000 - 0x00007ffca1409000 	C:\Program Files\Android\Android Studio1\jre\jre\bin\java.dll
0x00007ffca1290000 - 0x00007ffca12a6000 	C:\Program Files\Android\Android Studio1\jre\jre\bin\zip.dll
0x00007ffcbed70000 - 0x00007ffcbf4b2000 	C:\Windows\System32\SHELL32.dll
0x00007ffcbb800000 - 0x00007ffcbbf90000 	C:\Windows\SYSTEM32\windows.storage.dll
0x00007ffcbe210000 - 0x00007ffcbe565000 	C:\Windows\System32\combase.dll
0x00007ffcbd0d0000 - 0x00007ffcbd0fc000 	C:\Windows\SYSTEM32\Wldp.dll
0x00007ffcbe8b0000 - 0x00007ffcbe95e000 	C:\Windows\System32\SHCORE.dll
0x00007ffcbf4c0000 - 0x00007ffcbf515000 	C:\Windows\System32\shlwapi.dll
0x00007ffcbd610000 - 0x00007ffcbd62f000 	C:\Windows\SYSTEM32\profapi.dll
0x00007ffca1270000 - 0x00007ffca128a000 	C:\Program Files\Android\Android Studio1\jre\jre\bin\net.dll
0x00007ffcbce40000 - 0x00007ffcbceaa000 	C:\Windows\system32\mswsock.dll
0x00007ffca11a0000 - 0x00007ffca11b3000 	C:\Program Files\Android\Android Studio1\jre\jre\bin\nio.dll
0x00007ffca1de0000 - 0x00007ffca1e07000 	C:\Users\leoso\.gradle\native\f6784746aeab05261644944871eae4fe03e0ef1612fff0a4a95f87b438bc6780\windows-amd64\native-platform.dll
0x00007ffca1e10000 - 0x00007ffca1e1d000 	C:\Program Files\Android\Android Studio1\jre\jre\bin\management.dll
0x00007ffcbd020000 - 0x00007ffcbd038000 	C:\Windows\SYSTEM32\CRYPTSP.dll
0x00007ffcbc7e0000 - 0x00007ffcbc814000 	C:\Windows\system32\rsaenh.dll
0x00007ffcbd6d0000 - 0x00007ffcbd6f7000 	C:\Windows\System32\bcrypt.dll
0x00007ffcbd5d0000 - 0x00007ffcbd5fe000 	C:\Windows\SYSTEM32\USERENV.dll
0x00007ffcbdda0000 - 0x00007ffcbde20000 	C:\Windows\System32\bcryptprimitives.dll
0x00007ffcbd010000 - 0x00007ffcbd01c000 	C:\Windows\SYSTEM32\CRYPTBASE.dll
0x00007ffcbcb30000 - 0x00007ffcbcb6b000 	C:\Windows\SYSTEM32\IPHLPAPI.DLL
0x00007ffcbe8a0000 - 0x00007ffcbe8a8000 	C:\Windows\System32\NSI.dll
0x00007ffcb3e20000 - 0x00007ffcb3e37000 	C:\Windows\SYSTEM32\dhcpcsvc6.DLL
0x00007ffcb3e00000 - 0x00007ffcb3e1d000 	C:\Windows\SYSTEM32\dhcpcsvc.DLL
0x00007ffcbcb70000 - 0x00007ffcbcc3c000 	C:\Windows\SYSTEM32\DNSAPI.dll
0x00007ffcb5aa0000 - 0x00007ffcb5aab000 	C:\Windows\SYSTEM32\WINNSI.DLL

VM Arguments:
jvm_args: -Xmx2048m -Dfile.encoding=UTF-8 -Duser.country=US -Duser.language=en -Duser.variant 
java_command: org.gradle.launcher.daemon.bootstrap.GradleDaemon 6.5
java_class_path (initial): C:\Users\leoso\.gradle\wrapper\dists\gradle-6.5-bin\6nifqtx7604sqp1q6g8wikw7p\gradle-6.5\lib\gradle-launcher-6.5.jar
Launcher Type: SUN_STANDARD

Environment Variables:
JAVA_HOME=C:\Program Files\Java\jdk-14.0.2\jdk1.8.0_251
PATH=C:\Program Files\AdoptOpenJDK\jdk-11.0.10.9-hotspot\bin;C:\Program Files (x86)\VMware\VMware Player\bin\;C:\Python38-32\Scripts\;C:\Python38-32\;C:\Windows\system32;C:\Windows;C:\Windows\System32\Wbem;C:\Windows\System32\WindowsPowerShell\v1.0\;C:\Windows\System32\OpenSSH\;C:\Program Files\Git\cmd;C:\Program Files\Git\mingw64\bin;C:\Program Files\Git\usr\bin;C:\Program Files\PuTTY\;C:\Program Files\Oracle\VirtualBox;C:\eclipse\apache-maven-3.6.3\bin;C:\Program Files\Java\jdk-14.0.2\jdk1.8.0_251\bin;F:\forense\VBinDiff-3.0_beta5;F:\forense\path-scripts;F:\forense\platform-tools_r30.0.3-windows\platform-tools;F:\forense\fsum;F:\forense\gpshell-binary-2.0.0\bin;C:\Program Files\7-Zip;C:\Program Files (x86)\Common Files\Apple\Apple Application Support;C:\Program Files (x86)\Common Files\Apple\Mobile Device Support;C:\Program Files\Common Files\Apple\Apple Application Support;C:\Program Files\Common Files\Apple\Mobile Device Support;F:\forense\ffmpeg\bin;C:\Program Files\USBPcap;C:\Users\leoso\AppData\Local\Microsoft\WindowsApps;C:\forense\platform-tools_r30.0.3-windows\platform-tools;
USERNAME=leosol
OS=Windows_NT
PROCESSOR_IDENTIFIER=Intel64 Family 6 Model 58 Stepping 9, GenuineIntel



---------------  S Y S T E M  ---------------

OS: Windows 10.0 , 64 bit Build 19041 (10.0.19041.928)

CPU:total 4 (initial active 4) (2 cores per cpu, 2 threads per core) family 6 model 58 stepping 9, cmov, cx8, fxsr, mmx, sse, sse2, sse3, ssse3, sse4.1, sse4.2, popcnt, avx, aes, clmul, erms, ht, tsc, tscinvbit, tscinv

Memory: 4k page, physical 12458804k(1986764k free), swap 12458804k(5184k free)

vm_info: OpenJDK 64-Bit Server VM (25.242-b01) for windows-amd64 JRE (1.8.0_242-release-1644-b01), built by "builder" with MS VC++ 10.0 (VS2010)

time: Thu May 27 17:50:37 2021
timezone: E. South America Standard Time
elapsed time: 65 seconds (0d 0h 1m 5s)

